#
# A fatal error has been detected by the Java Runtime Environment:
#
#  SIGSEGV (0xb) at pc=0x0000000105e46908, pid=17134, tid=16899
#
# JRE version: Java(TM) SE Runtime Environment (8.0_65-b17) (build 1.8.0_65-b17)
# Java VM: Java HotSpot(TM) 64-Bit Server VM (25.65-b01 mixed mode bsd-amd64 compressed oops)
# Problematic frame:
# V  [libjvm.dylib+0x446908]
#
# Failed to write core dump. Core dumps have been disabled. To enable core dumping, try "ulimit -c unlimited" before starting Java again
#
# If you would like to submit a bug report, please visit:
#   http://bugreport.java.com/bugreport/crash.jsp
#

---------------  T H R E A D  ---------------

Current thread (0x00007fe4d382b800):  JavaThread "JDWP Transport Listener: dt_socket" daemon [_thread_in_vm, id=16899, stack(0x000000011e5ba000,0x000000011e6ba000)]

siginfo: si_signo: 11 (SIGSEGV), si_code: 1 (SEGV_MAPERR), si_addr: 0x00007fe400000007

Registers:
RAX=0x0000000000000001, RBX=0x000000011e6b9a8b, RCX=0x0000000106215310, RDX=0x000000011e6b9a8b
RSP=0x000000011e6b99d0, RBP=0x000000011e6b99e0, RSI=0x00007fe4d382b800, RDI=0x00007fe400000007
R8 =0x0000000000000004, R9 =0x00007fe4d1d00000, R10=0x0000000000000040, R11=0x00007fe4d1d00000
R12=0x00007fe4d382b800, R13=0x00007fe400000007, R14=0x00007fe400000007, R15=0x00007fe4d1d01770
RIP=0x0000000105e46908, EFLAGS=0x0000000000010202, ERR=0x0000000000000004
  TRAPNO=0x000000000000000e

Top of Stack: (sp=0x000000011e6b99d0)
0x000000011e6b99d0:   000000011e6b9a8b 000000011e6b9a8b
0x000000011e6b99e0:   000000011e6b9a40 0000000105d55a02
0x000000011e6b99f0:   00007fe4d382b800 0000000000000000
0x000000011e6b9a00:   0000000000000000 0000000000000000
0x000000011e6b9a10:   00007fe4d382b800 00007fe4d382b800
0x000000011e6b9a20:   000000011e6b9a8b 000000011e6b9a90
0x000000011e6b9a30:   00007fe400000007 0000000000000002
0x000000011e6b9a40:   000000011e6b9a60 0000000106ae1780
0x000000011e6b9a50:   0000000000000001 000000011e6b9b08
0x000000011e6b9a60:   000000011e6b9ad0 0000000106ac61f3
0x000000011e6b9a70:   000000011e6b9aa0 00007fe4d1d27ce0
0x000000011e6b9a80:   0000000300000032 00000009006b9b08
0x000000011e6b9a90:   0000000000000000 0000000000000000
0x000000011e6b9aa0:   0000000000000000 000000011e6b9c90
0x000000011e6b9ab0:   0000000106ae8e7a 00007fe4d1c2e140
0x000000011e6b9ac0:   000000011e6b9b08 0000000106af4598
0x000000011e6b9ad0:   000000011e6b9ae0 0000000106ac62ec
0x000000011e6b9ae0:   000000011e6b9d00 0000000106acf898
0x000000011e6b9af0:   0000c16200000013 00000000000f0200
0x000000011e6b9b00:   00007fe4d1c2cf20 00007fe4d1d28da1
0x000000011e6b9b10:   00007fe400000257 00007fe4d1d288d0
0x000000011e6b9b20:   00007fe40000012c 000000011e6b9b58
0x000000011e6b9b30:   00007fe4d1d288d0 00007f0000000000
0x000000011e6b9b40:   0000c1620000000f 00007fff00000780
0x000000011e6b9b50:   000000011e6b9b58 e47f000003000000
0x000000011e6b9b60:   03000000b87cf3d1 28230000006e7563
0x000000011e6b9b70:   74752f6176616a4c 3b7473694c2f6c69
0x000000011e6b9b80:   74752f6176616a4c 3b7473694c2f6c69
0x000000011e6b9b90:   543c430000005629 6c2f6176616a4c3a
0x000000011e6b9ba0:   656a624f2f676e61 616a4c283e3b7463
0x000000011e6b9bb0:   2f6c6974752f6176 3b54543c7473694c
0x000000011e6b9bc0:   2f6176616a4c3b3e 73694c2f6c697475 

Instructions: (pc=0x0000000105e46908)
0x0000000105e468e8:   40 48 48 85 c0 75 e0 30 c0 0f b6 c0 5d c3 31 c0
0x0000000105e468f8:   5d c3 55 48 89 e5 53 48 83 ec 08 48 85 ff 74 24
0x0000000105e46908:   48 8b 1f 48 85 db 74 1c 48 83 fb 37 74 16 48 8b
0x0000000105e46918:   03 48 89 df ff 50 10 84 c0 b8 00 00 00 00 48 0f 

Register to memory mapping:

RAX=0x0000000000000001 is an unknown value
RBX=0x000000011e6b9a8b is pointing into the stack for thread: 0x00007fe4d382b800
RCX=0x0000000106215310: UseMembar+0 in /Library/Java/JavaVirtualMachines/jdk1.8.0_65.jdk/Contents/Home/jre/lib/server/libjvm.dylib at 0x0000000105a00000
RDX=0x000000011e6b9a8b is pointing into the stack for thread: 0x00007fe4d382b800
RSP=0x000000011e6b99d0 is pointing into the stack for thread: 0x00007fe4d382b800
RBP=0x000000011e6b99e0 is pointing into the stack for thread: 0x00007fe4d382b800
RSI=0x00007fe4d382b800 is a thread
RDI=0x00007fe400000007 is an unknown value
R8 =0x0000000000000004 is an unknown value
R9 =0x00007fe4d1d00000 is an unknown value
R10=0x0000000000000040 is an unknown value
R11=0x00007fe4d1d00000 is an unknown value
R12=0x00007fe4d382b800 is a thread
R13=0x00007fe400000007 is an unknown value
R14=0x00007fe400000007 is an unknown value
R15=0x00007fe4d1d01770 is an unknown value


Stack: [0x000000011e5ba000,0x000000011e6ba000],  sp=0x000000011e6b99d0,  free space=1022k
Native frames: (J=compiled Java code, j=interpreted, Vv=VM code, C=native code)
V  [libjvm.dylib+0x446908]
V  [libjvm.dylib+0x355a02]
C  [libjdwp.dylib+0x20780]  isMethodSynthetic+0x63
C  [libjdwp.dylib+0x51f3]  methods1+0x10b
C  [libjdwp.dylib+0x52ec]  methodsWithGeneric+0xe
C  [libjdwp.dylib+0xe898]  debugLoop_run+0x1ce
C  [libjdwp.dylib+0x1f6ba]  attachThread+0x4d
V  [libjvm.dylib+0x396d60]
V  [libjvm.dylib+0x5612d3]
V  [libjvm.dylib+0x5629ce]
V  [libjvm.dylib+0x48342e]
C  [libsystem_pthread.dylib+0x405a]  _pthread_body+0x83
C  [libsystem_pthread.dylib+0x3fd7]  _pthread_body+0x0
C  [libsystem_pthread.dylib+0x13ed]  thread_start+0xd
C  0x0000000000000000


---------------  P R O C E S S  ---------------

Java Threads: ( => current thread )
  0x00007fe4d3035000 JavaThread "Service Thread" daemon [_thread_blocked, id=19971, stack(0x000000011ebcc000,0x000000011eccc000)]
  0x00007fe4d280f000 JavaThread "C1 CompilerThread2" daemon [_thread_blocked, id=19459, stack(0x000000011eac9000,0x000000011ebc9000)]
  0x00007fe4d383e000 JavaThread "C2 CompilerThread1" daemon [_thread_blocked, id=18947, stack(0x000000011e9c6000,0x000000011eac6000)]
  0x00007fe4d383c800 JavaThread "C2 CompilerThread0" daemon [_thread_blocked, id=18435, stack(0x000000011e8c3000,0x000000011e9c3000)]
  0x00007fe4d2014000 JavaThread "JDWP Command Reader" daemon [_thread_in_native, id=17923, stack(0x000000011e7c0000,0x000000011e8c0000)]
  0x00007fe4d382c800 JavaThread "JDWP Event Helper Thread" daemon [_thread_blocked, id=17411, stack(0x000000011e6bd000,0x000000011e7bd000)]
=>0x00007fe4d382b800 JavaThread "JDWP Transport Listener: dt_socket" daemon [_thread_in_vm, id=16899, stack(0x000000011e5ba000,0x000000011e6ba000)]
  0x00007fe4d382e000 JavaThread "Signal Dispatcher" daemon [_thread_blocked, id=16411, stack(0x000000011e4b0000,0x000000011e5b0000)]
  0x00007fe4d3829000 JavaThread "Finalizer" daemon [_thread_blocked, id=12547, stack(0x000000011ca92000,0x000000011cb92000)]
  0x00007fe4d3828800 JavaThread "Reference Handler" daemon [_thread_blocked, id=12035, stack(0x000000011c98f000,0x000000011ca8f000)]
  0x00007fe4d300a800 JavaThread "main" [_thread_blocked, id=5891, stack(0x000000010698a000,0x0000000106a8a000)]

Other Threads:
  0x00007fe4d3827800 VMThread [stack: 0x000000011c88c000,0x000000011c98c000] [id=11523]
  0x00007fe4d3830000 WatcherThread [stack: 0x000000011eccf000,0x000000011edcf000] [id=20483]

VM state:not at safepoint (normal execution)

VM Mutex/Monitor currently owned by a thread: None

Heap:
 PSYoungGen      total 38400K, used 7329K [0x0000000795580000, 0x0000000798000000, 0x00000007c0000000)
  eden space 33280K, 22% used [0x0000000795580000,0x0000000795ca87d8,0x0000000797600000)
  from space 5120K, 0% used [0x0000000797b00000,0x0000000797b00000,0x0000000798000000)
  to   space 5120K, 0% used [0x0000000797600000,0x0000000797600000,0x0000000797b00000)
 ParOldGen       total 87552K, used 0K [0x0000000740000000, 0x0000000745580000, 0x0000000795580000)
  object space 87552K, 0% used [0x0000000740000000,0x0000000740000000,0x0000000745580000)
 Metaspace       used 4682K, capacity 5232K, committed 5504K, reserved 1056768K
  class space    used 550K, capacity 595K, committed 640K, reserved 1048576K

Card table byte_map: [0x0000000115edd000,0x00000001162de000] byte_map_base: 0x00000001124dd000

Marking Bits: (ParMarkBitMap*) 0x00000001062dee20
 Begin Bits: [0x0000000116995000, 0x0000000118995000)
 End Bits:   [0x0000000118995000, 0x000000011a995000)

Polling page: 0x00000001051f8000

CodeCache: size=245760Kb used=1813Kb max_used=1829Kb free=243947Kb
 bounds [0x0000000106b1d000, 0x0000000106d8d000, 0x0000000115b1d000]
 total_blobs=518 nmethods=270 adapters=170
 compilation: enabled

Compilation events (10 events):
Event: 0.664 Thread 0x00007fe4d280f000 nmethod 266 0x0000000106cca7d0 code [0x0000000106cca920, 0x0000000106ccaa10]
Event: 0.664 Thread 0x00007fe4d280f000  265       3       java.util.AbstractCollection::<init> (5 bytes)
Event: 0.665 Thread 0x00007fe4d280f000 nmethod 265 0x0000000106cd8590 code [0x0000000106cd8700, 0x0000000106cd88b0]
Event: 0.665 Thread 0x00007fe4d280f000  267   !   3       java.util.zip.InflaterInputStream::read (138 bytes)
Event: 0.667 Thread 0x00007fe4d280f000 nmethod 267 0x0000000106cd6810 code [0x0000000106cd6ac0, 0x0000000106cd7bc8]
Event: 0.667 Thread 0x00007fe4d280f000  268       3       java.util.zip.InflaterInputStream::ensureOpen (18 bytes)
Event: 0.667 Thread 0x00007fe4d280f000 nmethod 268 0x0000000106cd6350 code [0x0000000106cd64e0, 0x0000000106cd6748]
Event: 0.668 Thread 0x00007fe4d280f000  269       3       java.util.AbstractMap::<init> (5 bytes)
Event: 0.669 Thread 0x00007fe4d280f000 nmethod 269 0x0000000106cd5c10 code [0x0000000106cd5d80, 0x0000000106cd5f30]
Event: 0.726 Thread 0x00007fe4d383c800 nmethod 260 0x0000000106ce41d0 code [0x0000000106ce44e0, 0x0000000106ce5c58]

GC Heap History (0 events):
No events

Deoptimization events (0 events):
No events

Internal exceptions (7 events):
Event: 0.063 Thread 0x00007fe4d300a800 Exception <a 'java/lang/NoSuchMethodError': Method sun.misc.Unsafe.defineClass(Ljava/lang/String;[BII)Ljava/lang/Class; name or signature does not match> (0x0000000795593c70) thrown at [/Users/java_re/workspace/8-2-build-macosx-x86_64/jdk8u65/4987/hotspot
Event: 0.063 Thread 0x00007fe4d300a800 Exception <a 'java/lang/NoSuchMethodError': Method sun.misc.Unsafe.prefetchRead(Ljava/lang/Object;J)V name or signature does not match> (0x0000000795593f58) thrown at [/Users/java_re/workspace/8-2-build-macosx-x86_64/jdk8u65/4987/hotspot/src/share/vm/prim
Event: 0.296 Thread 0x00007fe4d300a800 Exception <a 'java/io/FileNotFoundException'> (0x00000007958b0b38) thrown at [/Users/java_re/workspace/8-2-build-macosx-x86_64/jdk8u65/4987/hotspot/src/share/vm/prims/jni.cpp, line 709]
Event: 0.345 Thread 0x00007fe4d300a800 Exception <a 'java/security/PrivilegedActionException'> (0x0000000795905a50) thrown at [/Users/java_re/workspace/8-2-build-macosx-x86_64/jdk8u65/4987/hotspot/src/share/vm/prims/jvm.cpp, line 1386]
Event: 0.345 Thread 0x00007fe4d300a800 Exception <a 'java/security/PrivilegedActionException'> (0x0000000795905c60) thrown at [/Users/java_re/workspace/8-2-build-macosx-x86_64/jdk8u65/4987/hotspot/src/share/vm/prims/jvm.cpp, line 1386]
Event: 0.346 Thread 0x00007fe4d300a800 Exception <a 'java/security/PrivilegedActionException'> (0x0000000795908f00) thrown at [/Users/java_re/workspace/8-2-build-macosx-x86_64/jdk8u65/4987/hotspot/src/share/vm/prims/jvm.cpp, line 1386]
Event: 0.346 Thread 0x00007fe4d300a800 Exception <a 'java/security/PrivilegedActionException'> (0x0000000795909110) thrown at [/Users/java_re/workspace/8-2-build-macosx-x86_64/jdk8u65/4987/hotspot/src/share/vm/prims/jvm.cpp, line 1386]

Events (10 events):
Event: 1326.393 Executing VM operation: GetOrSetLocal
Event: 1326.393 Executing VM operation: GetOrSetLocal done
Event: 1326.408 Executing VM operation: GetOrSetLocal
Event: 1326.408 Executing VM operation: GetOrSetLocal done
Event: 1326.413 Executing VM operation: GetOrSetLocal
Event: 1326.413 Executing VM operation: GetOrSetLocal done
Event: 1326.417 Executing VM operation: GetOrSetLocal
Event: 1326.417 Executing VM operation: GetOrSetLocal done
Event: 1684.104 Executing VM operation: RedefineClasses
Event: 1684.110 Executing VM operation: RedefineClasses done


Dynamic libraries:
0x0000000002738000 	/System/Library/Frameworks/Cocoa.framework/Versions/A/Cocoa
0x0000000002738000 	/System/Library/Frameworks/Security.framework/Versions/A/Security
0x0000000002738000 	/System/Library/Frameworks/ApplicationServices.framework/Versions/A/ApplicationServices
0x0000000002738000 	/usr/lib/libz.1.dylib
0x0000000002738000 	/usr/lib/libSystem.B.dylib
0x0000000002738000 	/usr/lib/libobjc.A.dylib
0x0000000002738000 	/System/Library/Frameworks/CoreFoundation.framework/Versions/A/CoreFoundation
0x0000000002738000 	/System/Library/Frameworks/Foundation.framework/Versions/C/Foundation
0x000000010504c000 	/usr/local/lib/libwep
0x0000000002738000 	/System/Library/Frameworks/AppKit.framework/Versions/C/AppKit
0x0000000002738000 	/System/Library/Frameworks/CoreData.framework/Versions/A/CoreData
0x0000000002738000 	/System/Library/PrivateFrameworks/RemoteViewServices.framework/Versions/A/RemoteViewServices
0x0000000002738000 	/System/Library/PrivateFrameworks/UIFoundation.framework/Versions/A/UIFoundation
0x0000000002738000 	/System/Library/Frameworks/IOSurface.framework/Versions/A/IOSurface
0x0000000002738000 	/System/Library/Frameworks/AudioToolbox.framework/Versions/A/AudioToolbox
0x0000000002738000 	/System/Library/Frameworks/AudioUnit.framework/Versions/A/AudioUnit
0x0000000002738000 	/System/Library/PrivateFrameworks/DataDetectorsCore.framework/Versions/A/DataDetectorsCore
0x0000000002738000 	/System/Library/PrivateFrameworks/DesktopServicesPriv.framework/Versions/A/DesktopServicesPriv
0x0000000002738000 	/System/Library/Frameworks/Carbon.framework/Versions/A/Frameworks/HIToolbox.framework/Versions/A/HIToolbox
0x0000000002738000 	/System/Library/Frameworks/QuartzCore.framework/Versions/A/QuartzCore
0x0000000002738000 	/System/Library/Frameworks/Carbon.framework/Versions/A/Frameworks/SpeechRecognition.framework/Versions/A/SpeechRecognition
0x0000000002738000 	/usr/lib/libauto.dylib
0x0000000002738000 	/usr/lib/libicucore.A.dylib
0x0000000002738000 	/usr/lib/libxml2.2.dylib
0x0000000002738000 	/System/Library/PrivateFrameworks/CoreUI.framework/Versions/A/CoreUI
0x0000000002738000 	/System/Library/Frameworks/CoreAudio.framework/Versions/A/CoreAudio
0x0000000002738000 	/System/Library/Frameworks/DiskArbitration.framework/Versions/A/DiskArbitration
0x0000000002738000 	/usr/lib/liblangid.dylib
0x0000000002738000 	/System/Library/PrivateFrameworks/MultitouchSupport.framework/Versions/A/MultitouchSupport
0x0000000002738000 	/System/Library/Frameworks/IOKit.framework/Versions/A/IOKit
0x0000000002738000 	/usr/lib/libDiagnosticMessagesClient.dylib
0x0000000002738000 	/System/Library/Frameworks/CoreServices.framework/Versions/A/CoreServices
0x0000000002738000 	/System/Library/PrivateFrameworks/PerformanceAnalysis.framework/Versions/A/PerformanceAnalysis
0x0000000002738000 	/System/Library/PrivateFrameworks/GenerationalStorage.framework/Versions/A/GenerationalStorage
0x0000000002738000 	/System/Library/Frameworks/OpenGL.framework/Versions/A/OpenGL
0x0000000002738000 	/System/Library/PrivateFrameworks/Sharing.framework/Versions/A/Sharing
0x0000000002738000 	/System/Library/Frameworks/CoreGraphics.framework/Versions/A/CoreGraphics
0x0000000002738000 	/System/Library/Frameworks/CoreText.framework/Versions/A/CoreText
0x0000000002738000 	/System/Library/Frameworks/ImageIO.framework/Versions/A/ImageIO
0x0000000002738000 	/usr/lib/libextension.dylib
0x0000000002738000 	/System/Library/PrivateFrameworks/Backup.framework/Versions/A/Backup
0x0000000002738000 	/usr/lib/libarchive.2.dylib
0x0000000002738000 	/System/Library/Frameworks/CFNetwork.framework/Versions/A/CFNetwork
0x0000000002738000 	/System/Library/Frameworks/SystemConfiguration.framework/Versions/A/SystemConfiguration
0x0000000002738000 	/usr/lib/libCRFSuite.dylib
0x0000000002738000 	/usr/lib/libc++.1.dylib
0x0000000002738000 	/usr/lib/libc++abi.dylib
0x0000000002738000 	/usr/lib/system/libcache.dylib
0x0000000002738000 	/usr/lib/system/libcommonCrypto.dylib
0x0000000002738000 	/usr/lib/system/libcompiler_rt.dylib
0x0000000002738000 	/usr/lib/system/libcopyfile.dylib
0x0000000002738000 	/usr/lib/system/libcorecrypto.dylib
0x0000000002738000 	/usr/lib/system/libdispatch.dylib
0x0000000002738000 	/usr/lib/system/libdyld.dylib
0x0000000002738000 	/usr/lib/system/libkeymgr.dylib
0x0000000002738000 	/usr/lib/system/liblaunch.dylib
0x0000000002738000 	/usr/lib/system/libmacho.dylib
0x0000000002738000 	/usr/lib/system/libquarantine.dylib
0x0000000002738000 	/usr/lib/system/libremovefile.dylib
0x0000000002738000 	/usr/lib/system/libsystem_asl.dylib
0x0000000002738000 	/usr/lib/system/libsystem_blocks.dylib
0x0000000002738000 	/usr/lib/system/libsystem_c.dylib
0x0000000002738000 	/usr/lib/system/libsystem_configuration.dylib
0x0000000002738000 	/usr/lib/system/libsystem_coreservices.dylib
0x0000000002738000 	/usr/lib/system/libsystem_coretls.dylib
0x0000000002738000 	/usr/lib/system/libsystem_dnssd.dylib
0x0000000002738000 	/usr/lib/system/libsystem_info.dylib
0x0000000002738000 	/usr/lib/system/libsystem_kernel.dylib
0x0000000002738000 	/usr/lib/system/libsystem_m.dylib
0x0000000002738000 	/usr/lib/system/libsystem_malloc.dylib
0x0000000002738000 	/usr/lib/system/libsystem_network.dylib
0x0000000002738000 	/usr/lib/system/libsystem_networkextension.dylib
0x0000000002738000 	/usr/lib/system/libsystem_notify.dylib
0x0000000002738000 	/usr/lib/system/libsystem_platform.dylib
0x0000000002738000 	/usr/lib/system/libsystem_pthread.dylib
0x0000000002738000 	/usr/lib/system/libsystem_sandbox.dylib
0x0000000002738000 	/usr/lib/system/libsystem_secinit.dylib
0x0000000002738000 	/usr/lib/system/libsystem_stats.dylib
0x0000000002738000 	/usr/lib/system/libsystem_trace.dylib
0x0000000002738000 	/usr/lib/system/libunc.dylib
0x0000000002738000 	/usr/lib/system/libunwind.dylib
0x0000000002738000 	/usr/lib/system/libxpc.dylib
0x0000000002738000 	/usr/lib/libbz2.1.0.dylib
0x0000000002738000 	/usr/lib/liblzma.5.dylib
0x0000000002738000 	/usr/lib/libbsm.0.dylib
0x0000000002738000 	/usr/lib/libsqlite3.dylib
0x0000000002738000 	/usr/lib/system/libkxld.dylib
0x0000000002738000 	/usr/lib/libxar.1.dylib
0x0000000002738000 	/usr/lib/libpam.2.dylib
0x0000000002738000 	/usr/lib/libOpenScriptingUtil.dylib
0x0000000002738000 	/System/Library/Frameworks/CoreServices.framework/Versions/A/Frameworks/FSEvents.framework/Versions/A/FSEvents
0x0000000002738000 	/System/Library/Frameworks/CoreServices.framework/Versions/A/Frameworks/CarbonCore.framework/Versions/A/CarbonCore
0x0000000002738000 	/System/Library/Frameworks/CoreServices.framework/Versions/A/Frameworks/Metadata.framework/Versions/A/Metadata
0x0000000002738000 	/System/Library/Frameworks/CoreServices.framework/Versions/A/Frameworks/OSServices.framework/Versions/A/OSServices
0x0000000002738000 	/System/Library/Frameworks/CoreServices.framework/Versions/A/Frameworks/SearchKit.framework/Versions/A/SearchKit
0x0000000002738000 	/System/Library/Frameworks/CoreServices.framework/Versions/A/Frameworks/AE.framework/Versions/A/AE
0x0000000002738000 	/System/Library/Frameworks/CoreServices.framework/Versions/A/Frameworks/LaunchServices.framework/Versions/A/LaunchServices
0x0000000002738000 	/System/Library/Frameworks/CoreServices.framework/Versions/A/Frameworks/DictionaryServices.framework/Versions/A/DictionaryServices
0x0000000002738000 	/System/Library/Frameworks/NetFS.framework/Versions/A/NetFS
0x0000000002738000 	/System/Library/PrivateFrameworks/NetAuth.framework/Versions/A/NetAuth
0x0000000002738000 	/System/Library/PrivateFrameworks/login.framework/Versions/A/Frameworks/loginsupport.framework/Versions/A/loginsupport
0x0000000002738000 	/System/Library/PrivateFrameworks/TCC.framework/Versions/A/TCC
0x0000000002738000 	/usr/lib/libmecabra.dylib
0x0000000002738000 	/System/Library/Frameworks/ApplicationServices.framework/Versions/A/Frameworks/ATS.framework/Versions/A/ATS
0x0000000002738000 	/System/Library/Frameworks/ApplicationServices.framework/Versions/A/Frameworks/ColorSync.framework/Versions/A/ColorSync
0x0000000002738000 	/System/Library/Frameworks/ApplicationServices.framework/Versions/A/Frameworks/HIServices.framework/Versions/A/HIServices
0x0000000002738000 	/System/Library/Frameworks/ApplicationServices.framework/Versions/A/Frameworks/LangAnalysis.framework/Versions/A/LangAnalysis
0x0000000002738000 	/System/Library/Frameworks/ApplicationServices.framework/Versions/A/Frameworks/PrintCore.framework/Versions/A/PrintCore
0x0000000002738000 	/System/Library/Frameworks/ApplicationServices.framework/Versions/A/Frameworks/QD.framework/Versions/A/QD
0x0000000002738000 	/System/Library/Frameworks/ApplicationServices.framework/Versions/A/Frameworks/SpeechSynthesis.framework/Versions/A/SpeechSynthesis
0x0000000002738000 	/System/Library/Frameworks/Accelerate.framework/Versions/A/Accelerate
0x0000000002738000 	/System/Library/Frameworks/Accelerate.framework/Versions/A/Frameworks/vImage.framework/Versions/A/vImage
0x0000000002738000 	/System/Library/Frameworks/Accelerate.framework/Versions/A/Frameworks/vecLib.framework/Versions/A/vecLib
0x0000000002738000 	/System/Library/Frameworks/Accelerate.framework/Versions/A/Frameworks/vecLib.framework/Versions/A/libvDSP.dylib
0x0000000002738000 	/System/Library/Frameworks/Accelerate.framework/Versions/A/Frameworks/vecLib.framework/Versions/A/libvMisc.dylib
0x0000000002738000 	/System/Library/Frameworks/Accelerate.framework/Versions/A/Frameworks/vecLib.framework/Versions/A/libLAPACK.dylib
0x0000000002738000 	/System/Library/Frameworks/Accelerate.framework/Versions/A/Frameworks/vecLib.framework/Versions/A/libBLAS.dylib
0x0000000002738000 	/System/Library/Frameworks/Accelerate.framework/Versions/A/Frameworks/vecLib.framework/Versions/A/libLinearAlgebra.dylib
0x0000000002738000 	/System/Library/Frameworks/ApplicationServices.framework/Versions/A/Frameworks/ATS.framework/Versions/A/Resources/libFontParser.dylib
0x0000000002738000 	/System/Library/Frameworks/ApplicationServices.framework/Versions/A/Frameworks/ATS.framework/Versions/A/Resources/libFontRegistry.dylib
0x0000000002738000 	/System/Library/PrivateFrameworks/AppleVPA.framework/Versions/A/AppleVPA
0x0000000002738000 	/System/Library/PrivateFrameworks/AppleJPEG.framework/Versions/A/AppleJPEG
0x0000000002738000 	/System/Library/Frameworks/ImageIO.framework/Versions/A/Resources/libJPEG.dylib
0x0000000002738000 	/System/Library/Frameworks/ImageIO.framework/Versions/A/Resources/libTIFF.dylib
0x0000000002738000 	/System/Library/Frameworks/ImageIO.framework/Versions/A/Resources/libPng.dylib
0x0000000002738000 	/System/Library/Frameworks/ImageIO.framework/Versions/A/Resources/libGIF.dylib
0x0000000002738000 	/System/Library/Frameworks/ImageIO.framework/Versions/A/Resources/libJP2.dylib
0x0000000002738000 	/System/Library/Frameworks/ImageIO.framework/Versions/A/Resources/libRadiance.dylib
0x0000000002738000 	/System/Library/Frameworks/CoreVideo.framework/Versions/A/CoreVideo
0x0000000002738000 	/System/Library/Frameworks/OpenGL.framework/Versions/A/Libraries/libGLU.dylib
0x0000000002738000 	/System/Library/Frameworks/OpenGL.framework/Versions/A/Libraries/libGFXShared.dylib
0x0000000002738000 	/System/Library/Frameworks/OpenGL.framework/Versions/A/Libraries/libGL.dylib
0x0000000002738000 	/System/Library/Frameworks/OpenGL.framework/Versions/A/Libraries/libGLImage.dylib
0x0000000002738000 	/System/Library/Frameworks/OpenGL.framework/Versions/A/Libraries/libCVMSPluginSupport.dylib
0x0000000002738000 	/System/Library/Frameworks/OpenGL.framework/Versions/A/Libraries/libCoreVMClient.dylib
0x0000000002738000 	/usr/lib/libcups.2.dylib
0x0000000002738000 	/System/Library/Frameworks/Kerberos.framework/Versions/A/Kerberos
0x0000000002738000 	/System/Library/Frameworks/GSS.framework/Versions/A/GSS
0x0000000002738000 	/usr/lib/libresolv.9.dylib
0x0000000002738000 	/usr/lib/libiconv.2.dylib
0x0000000002738000 	/System/Library/PrivateFrameworks/Heimdal.framework/Versions/A/Heimdal
0x0000000002738000 	/usr/lib/libheimdal-asn1.dylib
0x0000000002738000 	/System/Library/Frameworks/OpenDirectory.framework/Versions/A/OpenDirectory
0x0000000002738000 	/System/Library/PrivateFrameworks/CommonAuth.framework/Versions/A/CommonAuth
0x0000000002738000 	/System/Library/Frameworks/OpenDirectory.framework/Versions/A/Frameworks/CFOpenDirectory.framework/Versions/A/CFOpenDirectory
0x0000000002738000 	/System/Library/Frameworks/SecurityFoundation.framework/Versions/A/SecurityFoundation
0x0000000002738000 	/System/Library/PrivateFrameworks/LanguageModeling.framework/Versions/A/LanguageModeling
0x0000000002738000 	/usr/lib/libcmph.dylib
0x0000000002738000 	/System/Library/Frameworks/ServiceManagement.framework/Versions/A/ServiceManagement
0x0000000002738000 	/usr/lib/libxslt.1.dylib
0x0000000002738000 	/System/Library/Frameworks/Carbon.framework/Versions/A/Frameworks/Ink.framework/Versions/A/Ink
0x0000000002738000 	/System/Library/Frameworks/QuartzCore.framework/Versions/A/Frameworks/CoreImage.framework/Versions/A/CoreImage
0x0000000002738000 	/System/Library/PrivateFrameworks/CrashReporterSupport.framework/Versions/A/CrashReporterSupport
0x0000000002738000 	/System/Library/Frameworks/OpenCL.framework/Versions/A/OpenCL
0x0000000002738000 	/System/Library/PrivateFrameworks/FaceCore.framework/Versions/A/FaceCore
0x0000000002738000 	/System/Library/PrivateFrameworks/Ubiquity.framework/Versions/A/Ubiquity
0x0000000002738000 	/System/Library/PrivateFrameworks/IconServices.framework/Versions/A/IconServices
0x0000000002738000 	/System/Library/PrivateFrameworks/ChunkingLibrary.framework/Versions/A/ChunkingLibrary
0x0000000002738000 	/System/Library/PrivateFrameworks/Apple80211.framework/Versions/A/Apple80211
0x0000000002738000 	/System/Library/Frameworks/CoreWLAN.framework/Versions/A/CoreWLAN
0x0000000002738000 	/System/Library/Frameworks/IOBluetooth.framework/Versions/A/IOBluetooth
0x0000000002738000 	/System/Library/PrivateFrameworks/CoreWiFi.framework/Versions/A/CoreWiFi
0x0000000002738000 	/System/Library/Frameworks/CoreBluetooth.framework/Versions/A/CoreBluetooth
0x0000000002738000 	/System/Library/PrivateFrameworks/DebugSymbols.framework/Versions/A/DebugSymbols
0x0000000002738000 	/System/Library/PrivateFrameworks/CoreSymbolication.framework/Versions/A/CoreSymbolication
0x0000000002738000 	/System/Library/PrivateFrameworks/Symbolication.framework/Versions/A/Symbolication
0x0000000002738000 	/System/Library/PrivateFrameworks/SpeechRecognitionCore.framework/Versions/A/SpeechRecognitionCore
0x000000010508a000 	/System/Library/CoreServices/Encodings/libSimplifiedChineseConverter.dylib
0x00000001050cd000 	/usr/local/lib/libwep_cbcarbon.dylib
0x0000000002738000 	/System/Library/Frameworks/Carbon.framework/Versions/A/Carbon
0x0000000002738000 	/System/Library/Frameworks/Carbon.framework/Versions/A/Frameworks/CommonPanels.framework/Versions/A/CommonPanels
0x0000000002738000 	/System/Library/Frameworks/Carbon.framework/Versions/A/Frameworks/Help.framework/Versions/A/Help
0x0000000002738000 	/System/Library/Frameworks/Carbon.framework/Versions/A/Frameworks/ImageCapture.framework/Versions/A/ImageCapture
0x0000000002738000 	/System/Library/Frameworks/Carbon.framework/Versions/A/Frameworks/OpenScripting.framework/Versions/A/OpenScripting
0x0000000002738000 	/System/Library/Frameworks/Carbon.framework/Versions/A/Frameworks/Print.framework/Versions/A/Print
0x0000000002738000 	/System/Library/Frameworks/Carbon.framework/Versions/A/Frameworks/SecurityHI.framework/Versions/A/SecurityHI
0x00000001050e9000 	/usr/local/lib/libwep_screen.dylib
0x0000000105102000 	/usr/local/lib/libwep_post.dylib
0x000000010511d000 	/usr/local/lib/libwep_cbcocoa.dylib
0x000000010513e000 	/usr/local/lib/libwep_printer.dylib
0x0000000105a00000 	/Library/Java/JavaVirtualMachines/jdk1.8.0_65.jdk/Contents/Home/jre/lib/server/libjvm.dylib
0x0000000002738000 	/usr/lib/libstdc++.6.dylib
0x00000001051ea000 	/Library/Java/JavaVirtualMachines/jdk1.8.0_65.jdk/Contents/Home/jre/lib/libverify.dylib
0x0000000106a8c000 	/Library/Java/JavaVirtualMachines/jdk1.8.0_65.jdk/Contents/Home/jre/lib/libjava.dylib
0x0000000106ac1000 	/Library/Java/JavaVirtualMachines/jdk1.8.0_65.jdk/Contents/Home/jre/lib/libjdwp.dylib
0x00000001051f9000 	/Library/Java/JavaVirtualMachines/jdk1.8.0_65.jdk/Contents/Home/jre/lib/libnpt.dylib
0x0000000106b14000 	/Library/Java/JavaVirtualMachines/jdk1.8.0_65.jdk/Contents/Home/jre/lib/libzip.dylib
0x000000011cb94000 	/System/Library/Frameworks/JavaVM.framework/Frameworks/JavaRuntimeSupport.framework/JavaRuntimeSupport
0x000000011cbaa000 	/System/Library/Frameworks/JavaVM.framework/Versions/A/Frameworks/JavaNativeFoundation.framework/Versions/A/JavaNativeFoundation
0x000000011cbbe000 	/System/Library/Frameworks/JavaVM.framework/Versions/A/JavaVM
0x000000011cbca000 	/System/Library/PrivateFrameworks/JavaLaunching.framework/Versions/A/JavaLaunching
0x000000011e5b2000 	/Library/Java/JavaVirtualMachines/jdk1.8.0_65.jdk/Contents/Home/jre/lib/libdt_socket.dylib

VM Arguments:
jvm_args: -agentlib:jdwp=transport=dt_socket,address=127.0.0.1:49699,suspend=y,server=n -ea -Dfile.encoding=UTF-8 
java_command: com.intellij.rt.execution.junit.JUnitStarter -ideVersion5 com.twogrit.ninetynine_problems.P07Test,shouldFlattenAListOfList
java_class_path (initial): /Applications/IntelliJ IDEA 14 CE.app/Contents/lib/idea_rt.jar:/Applications/IntelliJ IDEA 14 CE.app/Contents/plugins/junit/lib/junit-rt.jar:/Library/Java/JavaVirtualMachines/jdk1.8.0_65.jdk/Contents/Home/lib/ant-javafx.jar:/Library/Java/JavaVirtualMachines/jdk1.8.0_65.jdk/Contents/Home/lib/dt.jar:/Library/Java/JavaVirtualMachines/jdk1.8.0_65.jdk/Contents/Home/lib/javafx-mx.jar:/Library/Java/JavaVirtualMachines/jdk1.8.0_65.jdk/Contents/Home/lib/jconsole.jar:/Library/Java/JavaVirtualMachines/jdk1.8.0_65.jdk/Contents/Home/lib/packager.jar:/Library/Java/JavaVirtualMachines/jdk1.8.0_65.jdk/Contents/Home/lib/sa-jdi.jar:/Library/Java/JavaVirtualMachines/jdk1.8.0_65.jdk/Contents/Home/lib/tools.jar:/Library/Java/JavaVirtualMachines/jdk1.8.0_65.jdk/Contents/Home/jre/lib/charsets.jar:/Library/Java/JavaVirtualMachines/jdk1.8.0_65.jdk/Contents/Home/jre/lib/deploy.jar:/Library/Java/JavaVirtualMachines/jdk1.8.0_65.jdk/Contents/Home/jre/lib/javaws.jar:/Library/Java/JavaVirtualMachines/jdk1.8.0_65.jdk/Contents/Home/jre/lib/jce.jar:/Library/Java/JavaVirtualMachines/jdk1.8.0_65.jdk/Contents/Home/jre/lib/jfr.jar:/Library/Java/JavaVirtualMachines/jdk1.8.0_65.jdk/Contents/Home/jre/lib/jfxswt.jar:/Library/Java/JavaVirtualMachines/jdk1.8.0_65.jdk/Contents/Home/jre/lib/jsse.jar:/Library/Java/JavaVirtualMachines/jdk1.8.0_65.jdk/Contents/Home/jre/lib/management-agent.jar:/Library/Java/JavaVirtualMachines/jdk1.8.0_65.jdk/Contents/Home/jre/lib/plugin.jar:/Library/Java/JavaVirtualMachines/jdk1.8.0_65.jdk/Contents/Home/jre/lib/resources.jar:/Library/Java/JavaVirtualMachines/jdk1.8.0_65.jdk/Contents/Home/jre/lib/rt.jar:/Library/Java/JavaVirtualMachines/jdk1.8.0_65.jdk/Contents/Home/jre/lib/ext/cldrdata.jar:/Library/Java/JavaVirtualMachines/jdk1.8.0_65.jdk/Contents/Home/jre/lib/ext/dnsns.jar:/Library/Java/JavaVirtualMachines/jdk1.8.0_65.jdk/Contents/Home/jre/lib/ext/jaccess.jar:/Library/Java/JavaVirtualMachines/jdk1.8.0_65.jdk/Contents/Home/jre/lib/ext/jfxrt.jar:/Libra
Launcher Type: SUN_STANDARD

Environment Variables:
JAVA_HOME=/Library/Java/JavaVirtualMachines/jdk1.8.0_65.jdk/Contents/Home
PATH=/usr/local/bin:/usr/bin:/bin:/usr/sbin:/sbin:/usr/local/sbin
SHELL=/bin/bash

Signal Handlers:
SIGSEGV: [libjvm.dylib+0x5a6d31], sa_mask[0]=11111111011111110111111111111111, sa_flags=SA_ONSTACK|SA_RESTART|SA_SIGINFO
SIGBUS: [libjvm.dylib+0x5a6d31], sa_mask[0]=11111111011111110111111111111111, sa_flags=SA_RESTART|SA_SIGINFO
SIGFPE: [libjvm.dylib+0x480a40], sa_mask[0]=11111111011111110111111111111111, sa_flags=SA_RESTART|SA_SIGINFO
SIGPIPE: [libjvm.dylib+0x480a40], sa_mask[0]=11111111011111110111111111111111, sa_flags=SA_RESTART|SA_SIGINFO
SIGXFSZ: [libjvm.dylib+0x480a40], sa_mask[0]=11111111011111110111111111111111, sa_flags=SA_RESTART|SA_SIGINFO
SIGILL: [libjvm.dylib+0x480a40], sa_mask[0]=11111111011111110111111111111111, sa_flags=SA_RESTART|SA_SIGINFO
SIGUSR1: SIG_DFL, sa_mask[0]=00000000000000000000000000000000, sa_flags=none
SIGUSR2: [libjvm.dylib+0x48055e], sa_mask[0]=00100000000000000000000000000000, sa_flags=SA_RESTART|SA_SIGINFO
SIGHUP: [libjvm.dylib+0x47eb35], sa_mask[0]=11111111011111110111111111111111, sa_flags=SA_RESTART|SA_SIGINFO
SIGINT: [libjvm.dylib+0x47eb35], sa_mask[0]=11111111011111110111111111111111, sa_flags=SA_RESTART|SA_SIGINFO
SIGTERM: [libjvm.dylib+0x47eb35], sa_mask[0]=11111111011111110111111111111111, sa_flags=SA_RESTART|SA_SIGINFO
SIGQUIT: [libjvm.dylib+0x47eb35], sa_mask[0]=11111111011111110111111111111111, sa_flags=SA_RESTART|SA_SIGINFO


---------------  S Y S T E M  ---------------

OS:Bsduname:Darwin 14.5.0 Darwin Kernel Version 14.5.0: Wed Jul 29 02:26:53 PDT 2015; root:xnu-2782.40.9~1/RELEASE_X86_64 x86_64
rlimit: STACK 8192k, CORE 0k, NPROC 709, NOFILE 10240, AS infinity
load average:1.92 2.69 2.76

CPU:total 4 (2 cores per cpu, 2 threads per core) family 6 model 61 stepping 4, cmov, cx8, fxsr, mmx, sse, sse2, sse3, ssse3, sse4.1, sse4.2, popcnt, avx, avx2, aes, clmul, erms, 3dnowpref, lzcnt, ht, tsc, tscinvbit, bmi1, bmi2, adx

Memory: 4k page, physical 8388608k(164428k free)

/proc/meminfo:


vm_info: Java HotSpot(TM) 64-Bit Server VM (25.65-b01) for bsd-amd64 JRE (1.8.0_65-b17), built on Oct  6 2015 15:36:46 by "java_re" with gcc 4.2.1 (Based on Apple Inc. build 5658) (LLVM build 2336.11.00)

time: Mon Aug 22 14:29:57 2016
elapsed time: 1684 seconds (0d 0h 28m 4s)

